<?xml version="1.0" encoding="UTF-8"?>
<coverage generated="1611597080977" clover="3.2.0">
  <project timestamp="1611597080977" name="All files">
    <metrics statements="124" coveredstatements="78" conditionals="22" coveredconditionals="4" methods="33" coveredmethods="13" elements="179" coveredelements="95" complexity="0" loc="124" ncloc="124" packages="1" files="6" classes="6"/>
    <file name="App.jsx" path="/Users/brandonnguyen/Documents/HackReactorStuff/FEC1/photo_carousel/client/components/App.jsx">
      <metrics statements="27" coveredstatements="14" conditionals="10" coveredconditionals="1" methods="7" coveredmethods="4"/>
      <line num="8" count="1" type="stmt"/>
      <line num="13" count="1" type="stmt"/>
      <line num="30" count="1" type="stmt"/>
      <line num="32" count="1" type="stmt"/>
      <line num="34" count="1" type="stmt"/>
      <line num="42" count="1" type="stmt"/>
      <line num="43" count="1" type="stmt"/>
      <line num="47" count="1" type="stmt"/>
      <line num="51" count="1" type="stmt"/>
      <line num="52" count="1" type="stmt"/>
      <line num="53" count="0" type="stmt"/>
      <line num="58" count="0" type="stmt"/>
      <line num="62" count="0" type="stmt"/>
      <line num="63" count="0" type="stmt"/>
      <line num="64" count="0" type="cond" truecount="0" falsecount="2"/>
      <line num="65" count="0" type="cond" truecount="0" falsecount="2"/>
      <line num="66" count="0" type="stmt"/>
      <line num="70" count="0" type="stmt"/>
      <line num="74" count="0" type="cond" truecount="0" falsecount="2"/>
      <line num="75" count="0" type="cond" truecount="0" falsecount="2"/>
      <line num="76" count="0" type="stmt"/>
      <line num="80" count="0" type="stmt"/>
      <line num="90" count="1" type="stmt"/>
      <line num="92" count="1" type="cond" truecount="1" falsecount="1"/>
      <line num="93" count="1" type="stmt"/>
      <line num="97" count="0" type="stmt"/>
      <line num="120" count="1" type="stmt"/>
    </file>
    <file name="Banner.jsx" path="/Users/brandonnguyen/Documents/HackReactorStuff/FEC1/photo_carousel/client/components/Banner.jsx">
      <metrics statements="13" coveredstatements="9" conditionals="0" coveredconditionals="0" methods="5" coveredmethods="2"/>
      <line num="5" count="1" type="stmt"/>
      <line num="13" count="1" type="stmt"/>
      <line num="27" count="1" type="stmt"/>
      <line num="39" count="1" type="stmt"/>
      <line num="61" count="1" type="stmt"/>
      <line num="63" count="1" type="stmt"/>
      <line num="67" count="0" type="stmt"/>
      <line num="68" count="0" type="stmt"/>
      <line num="72" count="1" type="stmt"/>
      <line num="73" count="1" type="stmt"/>
      <line num="76" count="0" type="stmt"/>
      <line num="79" count="0" type="stmt"/>
      <line num="90" count="1" type="stmt"/>
    </file>
    <file name="Carousel.jsx" path="/Users/brandonnguyen/Documents/HackReactorStuff/FEC1/photo_carousel/client/components/Carousel.jsx">
      <metrics statements="8" coveredstatements="8" conditionals="0" coveredconditionals="0" methods="3" coveredmethods="3"/>
      <line num="6" count="1" type="stmt"/>
      <line num="18" count="1" type="stmt"/>
      <line num="29" count="1" type="stmt"/>
      <line num="31" count="1" type="stmt"/>
      <line num="37" count="1" type="stmt"/>
      <line num="38" count="1" type="stmt"/>
      <line num="42" count="1" type="stmt"/>
      <line num="57" count="1" type="stmt"/>
    </file>
    <file name="CarouselEntry.jsx" path="/Users/brandonnguyen/Documents/HackReactorStuff/FEC1/photo_carousel/client/components/CarouselEntry.jsx">
      <metrics statements="32" coveredstatements="24" conditionals="8" coveredconditionals="3" methods="9" coveredmethods="4"/>
      <line num="6" count="1" type="stmt"/>
      <line num="12" count="1" type="stmt"/>
      <line num="16" count="1" type="stmt"/>
      <line num="27" count="1" type="stmt"/>
      <line num="31" count="1" type="stmt"/>
      <line num="39" count="1" type="stmt"/>
      <line num="47" count="1" type="stmt"/>
      <line num="70" count="1" type="stmt"/>
      <line num="81" count="1" type="stmt"/>
      <line num="94" count="1" type="stmt"/>
      <line num="96" count="1" type="cond" truecount="1" falsecount="1"/>
      <line num="104" count="1" type="stmt"/>
      <line num="117" count="1" type="stmt"/>
      <line num="119" count="1" type="stmt"/>
      <line num="124" count="1" type="stmt"/>
      <line num="125" count="1" type="stmt"/>
      <line num="126" count="1" type="stmt"/>
      <line num="127" count="1" type="stmt"/>
      <line num="128" count="1" type="stmt"/>
      <line num="132" count="0" type="stmt"/>
      <line num="133" count="0" type="cond" truecount="0" falsecount="2"/>
      <line num="134" count="0" type="stmt"/>
      <line num="136" count="0" type="stmt"/>
      <line num="141" count="0" type="stmt"/>
      <line num="145" count="0" type="stmt"/>
      <line num="149" count="0" type="stmt"/>
      <line num="153" count="0" type="stmt"/>
      <line num="157" count="1" type="stmt"/>
      <line num="167" count="1" type="stmt"/>
      <line num="168" count="1" type="stmt"/>
      <line num="169" count="1" type="stmt"/>
      <line num="225" count="1" type="stmt"/>
    </file>
    <file name="StayListEntry.jsx" path="/Users/brandonnguyen/Documents/HackReactorStuff/FEC1/photo_carousel/client/components/StayListEntry.jsx">
      <metrics statements="21" coveredstatements="9" conditionals="2" coveredconditionals="0" methods="3" coveredmethods="0"/>
      <line num="5" count="1" type="stmt"/>
      <line num="20" count="1" type="stmt"/>
      <line num="35" count="1" type="stmt"/>
      <line num="46" count="1" type="stmt"/>
      <line num="54" count="1" type="stmt"/>
      <line num="62" count="1" type="stmt"/>
      <line num="76" count="1" type="stmt"/>
      <line num="89" count="1" type="stmt"/>
      <line num="99" count="0" type="stmt"/>
      <line num="101" count="0" type="stmt"/>
      <line num="105" count="0" type="stmt"/>
      <line num="109" count="0" type="stmt"/>
      <line num="110" count="0" type="stmt"/>
      <line num="111" count="0" type="stmt"/>
      <line num="114" count="0" type="stmt"/>
      <line num="115" count="0" type="stmt"/>
      <line num="119" count="0" type="stmt"/>
      <line num="120" count="0" type="stmt"/>
      <line num="121" count="0" type="stmt"/>
      <line num="122" count="0" type="stmt"/>
      <line num="147" count="1" type="stmt"/>
    </file>
    <file name="StayModal.jsx" path="/Users/brandonnguyen/Documents/HackReactorStuff/FEC1/photo_carousel/client/components/StayModal.jsx">
      <metrics statements="23" coveredstatements="14" conditionals="2" coveredconditionals="0" methods="6" coveredmethods="0"/>
      <line num="7" count="1" type="stmt"/>
      <line num="9" count="1" type="stmt"/>
      <line num="22" count="1" type="stmt"/>
      <line num="39" count="1" type="stmt"/>
      <line num="49" count="1" type="stmt"/>
      <line num="64" count="1" type="stmt"/>
      <line num="78" count="1" type="stmt"/>
      <line num="88" count="1" type="stmt"/>
      <line num="101" count="1" type="stmt"/>
      <line num="103" count="0" type="cond" truecount="0" falsecount="2"/>
      <line num="118" count="1" type="stmt"/>
      <line num="129" count="1" type="stmt"/>
      <line num="136" count="1" type="stmt"/>
      <line num="146" count="1" type="stmt"/>
      <line num="161" count="0" type="stmt"/>
      <line num="163" count="0" type="stmt"/>
      <line num="165" count="0" type="stmt"/>
      <line num="169" count="0" type="stmt"/>
      <line num="173" count="0" type="stmt"/>
      <line num="177" count="0" type="stmt"/>
      <line num="178" count="0" type="stmt"/>
      <line num="214" count="0" type="stmt"/>
      <line num="231" count="1" type="stmt"/>
    </file>
  </project>
</coverage>
