{"/Users/brandonnguyen/Documents/HackReactorStuff/FEC1/photo_carousel/client/components/App.jsx": {"path":"/Users/brandonnguyen/Documents/HackReactorStuff/FEC1/photo_carousel/client/components/App.jsx","statementMap":{"0":{"start":{"line":8,"column":16},"end":{"line":12,"column":1}},"1":{"start":{"line":13,"column":21},"end":{"line":26,"column":1}},"2":{"start":{"line":30,"column":4},"end":{"line":30,"column":17}},"3":{"start":{"line":32,"column":20},"end":{"line":32,"column":25}},"4":{"start":{"line":34,"column":4},"end":{"line":40,"column":6}},"5":{"start":{"line":42,"column":4},"end":{"line":42,"column":43}},"6":{"start":{"line":43,"column":4},"end":{"line":43,"column":49}},"7":{"start":{"line":47,"column":4},"end":{"line":47,"column":19}},"8":{"start":{"line":51,"column":23},"end":{"line":51,"column":33}},"9":{"start":{"line":52,"column":4},"end":{"line":58,"column":38}},"10":{"start":{"line":53,"column":26},"end":{"line":57,"column":8}},"11":{"start":{"line":58,"column":24},"end":{"line":58,"column":34}},"12":{"start":{"line":62,"column":30},"end":{"line":62,"column":40}},"13":{"start":{"line":63,"column":20},"end":{"line":63,"column":49}},"14":{"start":{"line":64,"column":4},"end":{"line":84,"column":5}},"15":{"start":{"line":65,"column":6},"end":{"line":73,"column":7}},"16":{"start":{"line":66,"column":8},"end":{"line":68,"column":11}},"17":{"start":{"line":70,"column":8},"end":{"line":72,"column":11}},"18":{"start":{"line":74,"column":11},"end":{"line":84,"column":5}},"19":{"start":{"line":75,"column":6},"end":{"line":83,"column":7}},"20":{"start":{"line":76,"column":8},"end":{"line":78,"column":11}},"21":{"start":{"line":80,"column":8},"end":{"line":82,"column":11}},"22":{"start":{"line":90,"column":8},"end":{"line":90,"column":18}},"23":{"start":{"line":92,"column":4},"end":{"line":96,"column":5}},"24":{"start":{"line":93,"column":6},"end":{"line":95,"column":8}},"25":{"start":{"line":97,"column":4},"end":{"line":114,"column":6}},"26":{"start":{"line":120,"column":0},"end":{"line":122,"column":2}}},"fnMap":{"0":{"name":"(anonymous_0)","decl":{"start":{"line":29,"column":2},"end":{"line":29,"column":3}},"loc":{"start":{"line":29,"column":21},"end":{"line":44,"column":3}},"line":29},"1":{"name":"(anonymous_1)","decl":{"start":{"line":46,"column":2},"end":{"line":46,"column":3}},"loc":{"start":{"line":46,"column":22},"end":{"line":48,"column":3}},"line":46},"2":{"name":"(anonymous_2)","decl":{"start":{"line":50,"column":2},"end":{"line":50,"column":3}},"loc":{"start":{"line":50,"column":12},"end":{"line":59,"column":3}},"line":50},"3":{"name":"(anonymous_3)","decl":{"start":{"line":53,"column":12},"end":{"line":53,"column":13}},"loc":{"start":{"line":53,"column":26},"end":{"line":57,"column":8}},"line":53},"4":{"name":"(anonymous_4)","decl":{"start":{"line":58,"column":13},"end":{"line":58,"column":14}},"loc":{"start":{"line":58,"column":22},"end":{"line":58,"column":36}},"line":58},"5":{"name":"(anonymous_5)","decl":{"start":{"line":61,"column":2},"end":{"line":61,"column":3}},"loc":{"start":{"line":61,"column":24},"end":{"line":85,"column":3}},"line":61},"6":{"name":"(anonymous_6)","decl":{"start":{"line":87,"column":2},"end":{"line":87,"column":3}},"loc":{"start":{"line":87,"column":11},"end":{"line":115,"column":3}},"line":87}},"branchMap":{"0":{"loc":{"start":{"line":64,"column":4},"end":{"line":84,"column":5}},"type":"if","locations":[{"start":{"line":64,"column":4},"end":{"line":84,"column":5}},{"start":{"line":64,"column":4},"end":{"line":84,"column":5}}],"line":64},"1":{"loc":{"start":{"line":65,"column":6},"end":{"line":73,"column":7}},"type":"if","locations":[{"start":{"line":65,"column":6},"end":{"line":73,"column":7}},{"start":{"line":65,"column":6},"end":{"line":73,"column":7}}],"line":65},"2":{"loc":{"start":{"line":74,"column":11},"end":{"line":84,"column":5}},"type":"if","locations":[{"start":{"line":74,"column":11},"end":{"line":84,"column":5}},{"start":{"line":74,"column":11},"end":{"line":84,"column":5}}],"line":74},"3":{"loc":{"start":{"line":75,"column":6},"end":{"line":83,"column":7}},"type":"if","locations":[{"start":{"line":75,"column":6},"end":{"line":83,"column":7}},{"start":{"line":75,"column":6},"end":{"line":83,"column":7}}],"line":75},"4":{"loc":{"start":{"line":92,"column":4},"end":{"line":96,"column":5}},"type":"if","locations":[{"start":{"line":92,"column":4},"end":{"line":96,"column":5}},{"start":{"line":92,"column":4},"end":{"line":96,"column":5}}],"line":92}},"s":{"0":1,"1":1,"2":1,"3":1,"4":1,"5":1,"6":1,"7":1,"8":1,"9":1,"10":0,"11":0,"12":0,"13":0,"14":0,"15":0,"16":0,"17":0,"18":0,"19":0,"20":0,"21":0,"22":1,"23":1,"24":1,"25":0,"26":1},"f":{"0":1,"1":1,"2":1,"3":0,"4":0,"5":0,"6":1},"b":{"0":[0,0],"1":[0,0],"2":[0,0],"3":[0,0],"4":[1,0]},"_coverageSchema":"1a1c01bbd47fc00a2c39e90264f33305004495a9","hash":"e40b9e97de3ae885d73ffe94246715dd1b401db2"}
,"/Users/brandonnguyen/Documents/HackReactorStuff/FEC1/photo_carousel/client/components/Banner.jsx": {"path":"/Users/brandonnguyen/Documents/HackReactorStuff/FEC1/photo_carousel/client/components/Banner.jsx","statementMap":{"0":{"start":{"line":5,"column":16},"end":{"line":11,"column":1}},"1":{"start":{"line":13,"column":19},"end":{"line":25,"column":1}},"2":{"start":{"line":27,"column":22},"end":{"line":37,"column":3}},"3":{"start":{"line":39,"column":25},"end":{"line":57,"column":1}},"4":{"start":{"line":61,"column":4},"end":{"line":61,"column":17}},"5":{"start":{"line":63,"column":4},"end":{"line":63,"column":51}},"6":{"start":{"line":67,"column":26},"end":{"line":67,"column":36}},"7":{"start":{"line":68,"column":4},"end":{"line":68,"column":25}},"8":{"start":{"line":72,"column":30},"end":{"line":72,"column":40}},"9":{"start":{"line":73,"column":4},"end":{"line":84,"column":6}},"10":{"start":{"line":76,"column":41},"end":{"line":76,"column":66}},"11":{"start":{"line":79,"column":41},"end":{"line":79,"column":65}},"12":{"start":{"line":90,"column":0},"end":{"line":94,"column":2}}},"fnMap":{"0":{"name":"(anonymous_0)","decl":{"start":{"line":60,"column":2},"end":{"line":60,"column":3}},"loc":{"start":{"line":60,"column":21},"end":{"line":64,"column":3}},"line":60},"1":{"name":"(anonymous_1)","decl":{"start":{"line":66,"column":2},"end":{"line":66,"column":3}},"loc":{"start":{"line":66,"column":25},"end":{"line":69,"column":3}},"line":66},"2":{"name":"(anonymous_2)","decl":{"start":{"line":71,"column":2},"end":{"line":71,"column":3}},"loc":{"start":{"line":71,"column":11},"end":{"line":85,"column":3}},"line":71},"3":{"name":"(anonymous_3)","decl":{"start":{"line":76,"column":35},"end":{"line":76,"column":36}},"loc":{"start":{"line":76,"column":41},"end":{"line":76,"column":66}},"line":76},"4":{"name":"(anonymous_4)","decl":{"start":{"line":79,"column":35},"end":{"line":79,"column":36}},"loc":{"start":{"line":79,"column":41},"end":{"line":79,"column":65}},"line":79}},"branchMap":{},"s":{"0":1,"1":1,"2":1,"3":1,"4":1,"5":1,"6":0,"7":0,"8":1,"9":1,"10":0,"11":0,"12":1},"f":{"0":1,"1":0,"2":1,"3":0,"4":0},"b":{},"_coverageSchema":"1a1c01bbd47fc00a2c39e90264f33305004495a9","hash":"fcd9bd73379765f5128b4359c02e10bdd104dbbc"}
,"/Users/brandonnguyen/Documents/HackReactorStuff/FEC1/photo_carousel/client/components/Carousel.jsx": {"path":"/Users/brandonnguyen/Documents/HackReactorStuff/FEC1/photo_carousel/client/components/Carousel.jsx","statementMap":{"0":{"start":{"line":6,"column":20},"end":{"line":16,"column":1}},"1":{"start":{"line":18,"column":26},"end":{"line":25,"column":1}},"2":{"start":{"line":29,"column":4},"end":{"line":29,"column":17}},"3":{"start":{"line":31,"column":4},"end":{"line":31,"column":20}},"4":{"start":{"line":37,"column":8},"end":{"line":37,"column":18}},"5":{"start":{"line":38,"column":4},"end":{"line":51,"column":6}},"6":{"start":{"line":42,"column":12},"end":{"line":47,"column":14}},"7":{"start":{"line":57,"column":0},"end":{"line":61,"column":2}}},"fnMap":{"0":{"name":"(anonymous_0)","decl":{"start":{"line":28,"column":2},"end":{"line":28,"column":3}},"loc":{"start":{"line":28,"column":21},"end":{"line":32,"column":3}},"line":28},"1":{"name":"(anonymous_1)","decl":{"start":{"line":34,"column":2},"end":{"line":34,"column":3}},"loc":{"start":{"line":34,"column":11},"end":{"line":52,"column":3}},"line":34},"2":{"name":"(anonymous_2)","decl":{"start":{"line":41,"column":23},"end":{"line":41,"column":24}},"loc":{"start":{"line":42,"column":12},"end":{"line":47,"column":14}},"line":42}},"branchMap":{},"s":{"0":1,"1":1,"2":1,"3":1,"4":1,"5":1,"6":1,"7":1},"f":{"0":1,"1":1,"2":1},"b":{},"_coverageSchema":"1a1c01bbd47fc00a2c39e90264f33305004495a9","hash":"59fbd46777df88a516f2d383e8062b9ae231cb3f"}
,"/Users/brandonnguyen/Documents/HackReactorStuff/FEC1/photo_carousel/client/components/CarouselEntry.jsx": {"path":"/Users/brandonnguyen/Documents/HackReactorStuff/FEC1/photo_carousel/client/components/CarouselEntry.jsx","statementMap":{"0":{"start":{"line":6,"column":22},"end":{"line":10,"column":1}},"1":{"start":{"line":12,"column":20},"end":{"line":14,"column":1}},"2":{"start":{"line":16,"column":14},"end":{"line":29,"column":1}},"3":{"start":{"line":27,"column":38},"end":{"line":27,"column":61}},"4":{"start":{"line":31,"column":21},"end":{"line":37,"column":1}},"5":{"start":{"line":39,"column":12},"end":{"line":45,"column":1}},"6":{"start":{"line":47,"column":20},"end":{"line":68,"column":1}},"7":{"start":{"line":70,"column":25},"end":{"line":79,"column":1}},"8":{"start":{"line":81,"column":22},"end":{"line":92,"column":1}},"9":{"start":{"line":94,"column":19},"end":{"line":103,"column":1}},"10":{"start":{"line":96,"column":22},"end":{"line":96,"column":81}},"11":{"start":{"line":104,"column":18},"end":{"line":113,"column":1}},"12":{"start":{"line":117,"column":4},"end":{"line":117,"column":17}},"13":{"start":{"line":119,"column":4},"end":{"line":122,"column":6}},"14":{"start":{"line":124,"column":4},"end":{"line":124,"column":49}},"15":{"start":{"line":125,"column":4},"end":{"line":125,"column":49}},"16":{"start":{"line":126,"column":4},"end":{"line":126,"column":51}},"17":{"start":{"line":127,"column":4},"end":{"line":127,"column":51}},"18":{"start":{"line":128,"column":4},"end":{"line":128,"column":57}},"19":{"start":{"line":132,"column":22},"end":{"line":132,"column":32}},"20":{"start":{"line":133,"column":4},"end":{"line":137,"column":5}},"21":{"start":{"line":134,"column":6},"end":{"line":134,"column":24}},"22":{"start":{"line":136,"column":6},"end":{"line":136,"column":28}},"23":{"start":{"line":141,"column":4},"end":{"line":141,"column":39}},"24":{"start":{"line":145,"column":4},"end":{"line":145,"column":40}},"25":{"start":{"line":149,"column":4},"end":{"line":149,"column":35}},"26":{"start":{"line":153,"column":4},"end":{"line":153,"column":36}},"27":{"start":{"line":157,"column":38},"end":{"line":157,"column":48}},"28":{"start":{"line":167,"column":8},"end":{"line":167,"column":13}},"29":{"start":{"line":168,"column":33},"end":{"line":168,"column":43}},"30":{"start":{"line":169,"column":4},"end":{"line":219,"column":6}},"31":{"start":{"line":225,"column":0},"end":{"line":238,"column":2}}},"fnMap":{"0":{"name":"(anonymous_0)","decl":{"start":{"line":27,"column":27},"end":{"line":27,"column":28}},"loc":{"start":{"line":27,"column":38},"end":{"line":27,"column":61}},"line":27},"1":{"name":"(anonymous_1)","decl":{"start":{"line":96,"column":10},"end":{"line":96,"column":11}},"loc":{"start":{"line":96,"column":22},"end":{"line":96,"column":81}},"line":96},"2":{"name":"(anonymous_2)","decl":{"start":{"line":116,"column":2},"end":{"line":116,"column":3}},"loc":{"start":{"line":116,"column":21},"end":{"line":129,"column":3}},"line":116},"3":{"name":"(anonymous_3)","decl":{"start":{"line":131,"column":2},"end":{"line":131,"column":3}},"loc":{"start":{"line":131,"column":16},"end":{"line":138,"column":3}},"line":131},"4":{"name":"(anonymous_4)","decl":{"start":{"line":140,"column":2},"end":{"line":140,"column":3}},"loc":{"start":{"line":140,"column":15},"end":{"line":142,"column":3}},"line":140},"5":{"name":"(anonymous_5)","decl":{"start":{"line":144,"column":2},"end":{"line":144,"column":3}},"loc":{"start":{"line":144,"column":15},"end":{"line":146,"column":3}},"line":144},"6":{"name":"(anonymous_6)","decl":{"start":{"line":148,"column":2},"end":{"line":148,"column":3}},"loc":{"start":{"line":148,"column":16},"end":{"line":150,"column":3}},"line":148},"7":{"name":"(anonymous_7)","decl":{"start":{"line":152,"column":2},"end":{"line":152,"column":3}},"loc":{"start":{"line":152,"column":19},"end":{"line":154,"column":3}},"line":152},"8":{"name":"(anonymous_8)","decl":{"start":{"line":156,"column":2},"end":{"line":156,"column":3}},"loc":{"start":{"line":156,"column":11},"end":{"line":220,"column":3}},"line":156}},"branchMap":{"0":{"loc":{"start":{"line":96,"column":22},"end":{"line":96,"column":81}},"type":"cond-expr","locations":[{"start":{"line":96,"column":40},"end":{"line":96,"column":58}},{"start":{"line":96,"column":61},"end":{"line":96,"column":81}}],"line":96},"1":{"loc":{"start":{"line":133,"column":4},"end":{"line":137,"column":5}},"type":"if","locations":[{"start":{"line":133,"column":4},"end":{"line":137,"column":5}},{"start":{"line":133,"column":4},"end":{"line":137,"column":5}}],"line":133},"2":{"loc":{"start":{"line":171,"column":9},"end":{"line":171,"column":66}},"type":"cond-expr","locations":[{"start":{"line":171,"column":24},"end":{"line":171,"column":60}},{"start":{"line":171,"column":64},"end":{"line":171,"column":66}}],"line":171},"3":{"loc":{"start":{"line":211,"column":9},"end":{"line":217,"column":16}},"type":"cond-expr","locations":[{"start":{"line":212,"column":10},"end":{"line":216,"column":12}},{"start":{"line":217,"column":12},"end":{"line":217,"column":16}}],"line":211}},"s":{"0":1,"1":1,"2":1,"3":1,"4":1,"5":1,"6":1,"7":1,"8":1,"9":1,"10":1,"11":1,"12":1,"13":1,"14":1,"15":1,"16":1,"17":1,"18":1,"19":0,"20":0,"21":0,"22":0,"23":0,"24":0,"25":0,"26":0,"27":1,"28":1,"29":1,"30":1,"31":1},"f":{"0":1,"1":1,"2":1,"3":0,"4":0,"5":0,"6":0,"7":0,"8":1},"b":{"0":[0,1],"1":[0,0],"2":[0,1],"3":[0,1]},"_coverageSchema":"1a1c01bbd47fc00a2c39e90264f33305004495a9","hash":"89ccb8167bd79d0d7c5023b7598633d04c53b757"}
,"/Users/brandonnguyen/Documents/HackReactorStuff/FEC1/photo_carousel/client/components/StayListEntry.jsx": {"path":"/Users/brandonnguyen/Documents/HackReactorStuff/FEC1/photo_carousel/client/components/StayListEntry.jsx","statementMap":{"0":{"start":{"line":5,"column":27},"end":{"line":18,"column":1}},"1":{"start":{"line":20,"column":24},"end":{"line":33,"column":1}},"2":{"start":{"line":35,"column":27},"end":{"line":44,"column":1}},"3":{"start":{"line":46,"column":12},"end":{"line":52,"column":1}},"4":{"start":{"line":54,"column":31},"end":{"line":61,"column":1}},"5":{"start":{"line":62,"column":22},"end":{"line":74,"column":1}},"6":{"start":{"line":76,"column":22},"end":{"line":87,"column":1}},"7":{"start":{"line":89,"column":24},"end":{"line":95,"column":1}},"8":{"start":{"line":99,"column":4},"end":{"line":99,"column":17}},"9":{"start":{"line":101,"column":4},"end":{"line":103,"column":6}},"10":{"start":{"line":105,"column":4},"end":{"line":105,"column":51}},"11":{"start":{"line":109,"column":40},"end":{"line":109,"column":50}},"12":{"start":{"line":110,"column":22},"end":{"line":110,"column":32}},"13":{"start":{"line":111,"column":4},"end":{"line":113,"column":7}},"14":{"start":{"line":114,"column":4},"end":{"line":114,"column":18}},"15":{"start":{"line":115,"column":4},"end":{"line":115,"column":17}},"16":{"start":{"line":119,"column":21},"end":{"line":119,"column":31}},"17":{"start":{"line":120,"column":34},"end":{"line":120,"column":38}},"18":{"start":{"line":121,"column":22},"end":{"line":121,"column":32}},"19":{"start":{"line":122,"column":4},"end":{"line":141,"column":6}},"20":{"start":{"line":147,"column":0},"end":{"line":155,"column":2}}},"fnMap":{"0":{"name":"(anonymous_0)","decl":{"start":{"line":98,"column":2},"end":{"line":98,"column":3}},"loc":{"start":{"line":98,"column":21},"end":{"line":106,"column":3}},"line":98},"1":{"name":"(anonymous_1)","decl":{"start":{"line":108,"column":2},"end":{"line":108,"column":3}},"loc":{"start":{"line":108,"column":16},"end":{"line":116,"column":3}},"line":108},"2":{"name":"(anonymous_2)","decl":{"start":{"line":118,"column":2},"end":{"line":118,"column":3}},"loc":{"start":{"line":118,"column":11},"end":{"line":142,"column":3}},"line":118}},"branchMap":{"0":{"loc":{"start":{"line":137,"column":13},"end":{"line":137,"column":61}},"type":"cond-expr","locations":[{"start":{"line":137,"column":27},"end":{"line":137,"column":42}},{"start":{"line":137,"column":45},"end":{"line":137,"column":61}}],"line":137}},"s":{"0":1,"1":1,"2":1,"3":1,"4":1,"5":1,"6":1,"7":1,"8":0,"9":0,"10":0,"11":0,"12":0,"13":0,"14":0,"15":0,"16":0,"17":0,"18":0,"19":0,"20":1},"f":{"0":0,"1":0,"2":0},"b":{"0":[0,0]},"_coverageSchema":"1a1c01bbd47fc00a2c39e90264f33305004495a9","hash":"3c3d518b679e54f092dd876eb4728d59f0b698c7"}
,"/Users/brandonnguyen/Documents/HackReactorStuff/FEC1/photo_carousel/client/components/StayModal.jsx": {"path":"/Users/brandonnguyen/Documents/HackReactorStuff/FEC1/photo_carousel/client/components/StayModal.jsx","statementMap":{"0":{"start":{"line":7,"column":18},"end":{"line":7,"column":57}},"1":{"start":{"line":9,"column":17},"end":{"line":20,"column":1}},"2":{"start":{"line":22,"column":23},"end":{"line":37,"column":1}},"3":{"start":{"line":39,"column":15},"end":{"line":47,"column":1}},"4":{"start":{"line":49,"column":26},"end":{"line":62,"column":1}},"5":{"start":{"line":64,"column":22},"end":{"line":77,"column":1}},"6":{"start":{"line":78,"column":28},"end":{"line":87,"column":1}},"7":{"start":{"line":88,"column":19},"end":{"line":99,"column":1}},"8":{"start":{"line":101,"column":19},"end":{"line":116,"column":1}},"9":{"start":{"line":103,"column":28},"end":{"line":103,"column":71}},"10":{"start":{"line":118,"column":16},"end":{"line":127,"column":1}},"11":{"start":{"line":129,"column":19},"end":{"line":134,"column":1}},"12":{"start":{"line":136,"column":28},"end":{"line":144,"column":1}},"13":{"start":{"line":146,"column":26},"end":{"line":157,"column":1}},"14":{"start":{"line":161,"column":4},"end":{"line":161,"column":17}},"15":{"start":{"line":163,"column":4},"end":{"line":163,"column":20}},"16":{"start":{"line":165,"column":4},"end":{"line":165,"column":44}},"17":{"start":{"line":169,"column":4},"end":{"line":169,"column":35}},"18":{"start":{"line":173,"column":4},"end":{"line":173,"column":35}},"19":{"start":{"line":177,"column":50},"end":{"line":177,"column":60}},"20":{"start":{"line":178,"column":4},"end":{"line":225,"column":6}},"21":{"start":{"line":214,"column":14},"end":{"line":219,"column":16}},"22":{"start":{"line":231,"column":0},"end":{"line":235,"column":2}}},"fnMap":{"0":{"name":"(anonymous_0)","decl":{"start":{"line":103,"column":16},"end":{"line":103,"column":17}},"loc":{"start":{"line":103,"column":28},"end":{"line":103,"column":71}},"line":103},"1":{"name":"(anonymous_1)","decl":{"start":{"line":160,"column":2},"end":{"line":160,"column":3}},"loc":{"start":{"line":160,"column":21},"end":{"line":166,"column":3}},"line":160},"2":{"name":"(anonymous_2)","decl":{"start":{"line":168,"column":2},"end":{"line":168,"column":3}},"loc":{"start":{"line":168,"column":22},"end":{"line":170,"column":3}},"line":168},"3":{"name":"(anonymous_3)","decl":{"start":{"line":172,"column":2},"end":{"line":172,"column":3}},"loc":{"start":{"line":172,"column":25},"end":{"line":174,"column":3}},"line":172},"4":{"name":"(anonymous_4)","decl":{"start":{"line":176,"column":2},"end":{"line":176,"column":3}},"loc":{"start":{"line":176,"column":11},"end":{"line":226,"column":3}},"line":176},"5":{"name":"(anonymous_5)","decl":{"start":{"line":213,"column":26},"end":{"line":213,"column":27}},"loc":{"start":{"line":214,"column":14},"end":{"line":219,"column":16}},"line":214}},"branchMap":{"0":{"loc":{"start":{"line":103,"column":28},"end":{"line":103,"column":71}},"type":"cond-expr","locations":[{"start":{"line":103,"column":46},"end":{"line":103,"column":55}},{"start":{"line":103,"column":58},"end":{"line":103,"column":71}}],"line":103}},"s":{"0":1,"1":1,"2":1,"3":1,"4":1,"5":1,"6":1,"7":1,"8":1,"9":0,"10":1,"11":1,"12":1,"13":1,"14":0,"15":0,"16":0,"17":0,"18":0,"19":0,"20":0,"21":0,"22":1},"f":{"0":0,"1":0,"2":0,"3":0,"4":0,"5":0},"b":{"0":[0,0]},"_coverageSchema":"1a1c01bbd47fc00a2c39e90264f33305004495a9","hash":"3d4af3be7060d5cbf79b9b4376ba39aca873e0b0"}
}
