TN:
SF:client/components/App.jsx
FN:29,(anonymous_0)
FN:46,(anonymous_1)
FN:50,(anonymous_2)
FN:53,(anonymous_3)
FN:58,(anonymous_4)
FN:61,(anonymous_5)
FN:87,(anonymous_6)
FNF:7
FNH:4
FNDA:1,(anonymous_0)
FNDA:1,(anonymous_1)
FNDA:1,(anonymous_2)
FNDA:0,(anonymous_3)
FNDA:0,(anonymous_4)
FNDA:0,(anonymous_5)
FNDA:1,(anonymous_6)
DA:8,1
DA:13,1
DA:30,1
DA:32,1
DA:34,1
DA:42,1
DA:43,1
DA:47,1
DA:51,1
DA:52,1
DA:53,0
DA:58,0
DA:62,0
DA:63,0
DA:64,0
DA:65,0
DA:66,0
DA:70,0
DA:74,0
DA:75,0
DA:76,0
DA:80,0
DA:90,1
DA:92,1
DA:93,1
DA:97,0
DA:120,1
LF:27
LH:14
BRDA:64,0,0,0
BRDA:64,0,1,0
BRDA:65,1,0,0
BRDA:65,1,1,0
BRDA:74,2,0,0
BRDA:74,2,1,0
BRDA:75,3,0,0
BRDA:75,3,1,0
BRDA:92,4,0,1
BRDA:92,4,1,0
BRF:10
BRH:1
end_of_record
TN:
SF:client/components/Banner.jsx
FN:60,(anonymous_0)
FN:66,(anonymous_1)
FN:71,(anonymous_2)
FN:76,(anonymous_3)
FN:79,(anonymous_4)
FNF:5
FNH:2
FNDA:1,(anonymous_0)
FNDA:0,(anonymous_1)
FNDA:1,(anonymous_2)
FNDA:0,(anonymous_3)
FNDA:0,(anonymous_4)
DA:5,1
DA:13,1
DA:27,1
DA:39,1
DA:61,1
DA:63,1
DA:67,0
DA:68,0
DA:72,1
DA:73,1
DA:76,0
DA:79,0
DA:90,1
LF:13
LH:9
BRF:0
BRH:0
end_of_record
TN:
SF:client/components/Carousel.jsx
FN:28,(anonymous_0)
FN:34,(anonymous_1)
FN:41,(anonymous_2)
FNF:3
FNH:3
FNDA:1,(anonymous_0)
FNDA:1,(anonymous_1)
FNDA:1,(anonymous_2)
DA:6,1
DA:18,1
DA:29,1
DA:31,1
DA:37,1
DA:38,1
DA:42,1
DA:57,1
LF:8
LH:8
BRF:0
BRH:0
end_of_record
TN:
SF:client/components/CarouselEntry.jsx
FN:27,(anonymous_0)
FN:96,(anonymous_1)
FN:116,(anonymous_2)
FN:131,(anonymous_3)
FN:140,(anonymous_4)
FN:144,(anonymous_5)
FN:148,(anonymous_6)
FN:152,(anonymous_7)
FN:156,(anonymous_8)
FNF:9
FNH:4
FNDA:1,(anonymous_0)
FNDA:1,(anonymous_1)
FNDA:1,(anonymous_2)
FNDA:0,(anonymous_3)
FNDA:0,(anonymous_4)
FNDA:0,(anonymous_5)
FNDA:0,(anonymous_6)
FNDA:0,(anonymous_7)
FNDA:1,(anonymous_8)
DA:6,1
DA:12,1
DA:16,1
DA:27,1
DA:31,1
DA:39,1
DA:47,1
DA:70,1
DA:81,1
DA:94,1
DA:96,1
DA:104,1
DA:117,1
DA:119,1
DA:124,1
DA:125,1
DA:126,1
DA:127,1
DA:128,1
DA:132,0
DA:133,0
DA:134,0
DA:136,0
DA:141,0
DA:145,0
DA:149,0
DA:153,0
DA:157,1
DA:167,1
DA:168,1
DA:169,1
DA:225,1
LF:32
LH:24
BRDA:96,0,0,0
BRDA:96,0,1,1
BRDA:133,1,0,0
BRDA:133,1,1,0
BRDA:171,2,0,0
BRDA:171,2,1,1
BRDA:211,3,0,0
BRDA:211,3,1,1
BRF:8
BRH:3
end_of_record
TN:
SF:client/components/StayListEntry.jsx
FN:98,(anonymous_0)
FN:108,(anonymous_1)
FN:118,(anonymous_2)
FNF:3
FNH:0
FNDA:0,(anonymous_0)
FNDA:0,(anonymous_1)
FNDA:0,(anonymous_2)
DA:5,1
DA:20,1
DA:35,1
DA:46,1
DA:54,1
DA:62,1
DA:76,1
DA:89,1
DA:99,0
DA:101,0
DA:105,0
DA:109,0
DA:110,0
DA:111,0
DA:114,0
DA:115,0
DA:119,0
DA:120,0
DA:121,0
DA:122,0
DA:147,1
LF:21
LH:9
BRDA:137,0,0,0
BRDA:137,0,1,0
BRF:2
BRH:0
end_of_record
TN:
SF:client/components/StayModal.jsx
FN:103,(anonymous_0)
FN:160,(anonymous_1)
FN:168,(anonymous_2)
FN:172,(anonymous_3)
FN:176,(anonymous_4)
FN:213,(anonymous_5)
FNF:6
FNH:0
FNDA:0,(anonymous_0)
FNDA:0,(anonymous_1)
FNDA:0,(anonymous_2)
FNDA:0,(anonymous_3)
FNDA:0,(anonymous_4)
FNDA:0,(anonymous_5)
DA:7,1
DA:9,1
DA:22,1
DA:39,1
DA:49,1
DA:64,1
DA:78,1
DA:88,1
DA:101,1
DA:103,0
DA:118,1
DA:129,1
DA:136,1
DA:146,1
DA:161,0
DA:163,0
DA:165,0
DA:169,0
DA:173,0
DA:177,0
DA:178,0
DA:214,0
DA:231,1
LF:23
LH:14
BRDA:103,0,0,0
BRDA:103,0,1,0
BRF:2
BRH:0
end_of_record
